2014/03/18 05:19:35 [error] [exception.CException] exception 'CException' with message 'IssueController contains improperly nested widget tags in its view "C:\xampp\htdocs\trackstar\protected\views\issue\_form.php". A CActiveForm widget does not have an endWidget() call.' in C:\xampp\htdocs\yii\framework\web\CBaseController.php:101
Stack trace:
#0 C:\xampp\htdocs\yii\framework\web\CController.php(869): CBaseController->renderFile('C:\xampp\htdocs...', Array, true)
#1 C:\xampp\htdocs\trackstar\protected\views\issue\create.php(18): CController->renderPartial('_form', Array)
#2 C:\xampp\htdocs\yii\framework\web\CBaseController.php(126): require('C:\xampp\htdocs...')
#3 C:\xampp\htdocs\yii\framework\web\CBaseController.php(95): CBaseController->renderInternal('C:\xampp\htdocs...', Array, true)
#4 C:\xampp\htdocs\yii\framework\web\CController.php(869): CBaseController->renderFile('C:\xampp\htdocs...', Array, true)
#5 C:\xampp\htdocs\yii\framework\web\CController.php(782): CController->renderPartial('create', Array, true)
#6 C:\xampp\htdocs\trackstar\protected\controllers\IssueController.php(79): CController->render('create', Array)
#7 C:\xampp\htdocs\yii\framework\web\actions\CInlineAction.php(49): IssueController->actionCreate()
#8 C:\xampp\htdocs\yii\framework\web\CController.php(308): CInlineAction->runWithParams(Array)
#9 C:\xampp\htdocs\yii\framework\web\filters\CFilterChain.php(133): CController->runAction(Object(CInlineAction))
#10 C:\xampp\htdocs\yii\framework\web\filters\CFilter.php(40): CFilterChain->run()
#11 C:\xampp\htdocs\yii\framework\web\CController.php(1145): CFilter->filter(Object(CFilterChain))
#12 C:\xampp\htdocs\yii\framework\web\filters\CInlineFilter.php(58): CController->filterAccessControl(Object(CFilterChain))
#13 C:\xampp\htdocs\yii\framework\web\filters\CFilterChain.php(130): CInlineFilter->filter(Object(CFilterChain))
#14 C:\xampp\htdocs\yii\framework\web\CController.php(291): CFilterChain->run()
#15 C:\xampp\htdocs\yii\framework\web\CController.php(265): CController->runActionWithFilters(Object(CInlineAction), Array)
#16 C:\xampp\htdocs\yii\framework\web\CWebApplication.php(282): CController->run('create')
#17 C:\xampp\htdocs\yii\framework\web\CWebApplication.php(141): CWebApplication->runController('issue/create')
#18 C:\xampp\htdocs\yii\framework\base\CApplication.php(180): CWebApplication->processRequest()
#19 C:\xampp\htdocs\trackstar\index.php(13): CApplication->run()
#20 {main}
REQUEST_URI=/trackstar/index.php?r=issue/create
HTTP_REFERER=http://localhost/trackstar/index.php?r=issue/index
---
2014/03/18 09:02:46 [error] [exception.CException] exception 'CException' with message 'Filter "projectContext" is invalid. Controller "IssueController" does not have the filter method "filterprojectContext".' in C:\xampp\htdocs\yii\framework\web\filters\CInlineFilter.php:46
Stack trace:
#0 C:\xampp\htdocs\yii\framework\web\filters\CFilterChain.php(69): CInlineFilter::create(Object(IssueController), 'projectContext')
#1 C:\xampp\htdocs\yii\framework\web\CController.php(291): CFilterChain::create(Object(IssueController), Object(CInlineAction), Array)
#2 C:\xampp\htdocs\yii\framework\web\CController.php(265): CController->runActionWithFilters(Object(CInlineAction), Array)
#3 C:\xampp\htdocs\yii\framework\web\CWebApplication.php(282): CController->run('create')
#4 C:\xampp\htdocs\yii\framework\web\CWebApplication.php(141): CWebApplication->runController('issue/create')
#5 C:\xampp\htdocs\yii\framework\base\CApplication.php(180): CWebApplication->processRequest()
#6 C:\xampp\htdocs\trackstar\index.php(13): CApplication->run()
#7 {main}
REQUEST_URI=/trackstar/index.php?r=issue/create
HTTP_REFERER=http://localhost/trackstar/index.php?r=issue/index
---
2014/03/18 09:03:44 [error] [exception.CHttpException.404] exception 'CHttpException' with message 'The requested project does not exist.' in C:\xampp\htdocs\trackstar\protected\controllers\IssueController.php:38
Stack trace:
#0 C:\xampp\htdocs\trackstar\protected\controllers\IssueController.php(58): IssueController->loadProject(NULL)
#1 C:\xampp\htdocs\yii\framework\web\filters\CInlineFilter.php(58): IssueController->filterProjectContext(Object(CFilterChain))
#2 C:\xampp\htdocs\yii\framework\web\filters\CFilterChain.php(130): CInlineFilter->filter(Object(CFilterChain))
#3 C:\xampp\htdocs\yii\framework\web\filters\CFilter.php(40): CFilterChain->run()
#4 C:\xampp\htdocs\yii\framework\web\CController.php(1145): CFilter->filter(Object(CFilterChain))
#5 C:\xampp\htdocs\yii\framework\web\filters\CInlineFilter.php(58): CController->filterAccessControl(Object(CFilterChain))
#6 C:\xampp\htdocs\yii\framework\web\filters\CFilterChain.php(130): CInlineFilter->filter(Object(CFilterChain))
#7 C:\xampp\htdocs\yii\framework\web\CController.php(291): CFilterChain->run()
#8 C:\xampp\htdocs\yii\framework\web\CController.php(265): CController->runActionWithFilters(Object(CInlineAction), Array)
#9 C:\xampp\htdocs\yii\framework\web\CWebApplication.php(282): CController->run('create')
#10 C:\xampp\htdocs\yii\framework\web\CWebApplication.php(141): CWebApplication->runController('issue/create')
#11 C:\xampp\htdocs\yii\framework\base\CApplication.php(180): CWebApplication->processRequest()
#12 C:\xampp\htdocs\trackstar\index.php(13): CApplication->run()
#13 {main}
REQUEST_URI=/trackstar/index.php?r=issue/create
HTTP_REFERER=http://localhost/trackstar/index.php?r=issue/index
---
2014/03/18 09:18:39 [error] [exception.CHttpException.404] exception 'CHttpException' with message 'The requested project does not exist.' in C:\xampp\htdocs\trackstar\protected\controllers\IssueController.php:40
Stack trace:
#0 C:\xampp\htdocs\trackstar\protected\controllers\IssueController.php(60): IssueController->loadProject(NULL)
#1 C:\xampp\htdocs\yii\framework\web\filters\CInlineFilter.php(58): IssueController->filterProjectContext(Object(CFilterChain))
#2 C:\xampp\htdocs\yii\framework\web\filters\CFilterChain.php(130): CInlineFilter->filter(Object(CFilterChain))
#3 C:\xampp\htdocs\yii\framework\web\filters\CFilter.php(40): CFilterChain->run()
#4 C:\xampp\htdocs\yii\framework\web\CController.php(1145): CFilter->filter(Object(CFilterChain))
#5 C:\xampp\htdocs\yii\framework\web\filters\CInlineFilter.php(58): CController->filterAccessControl(Object(CFilterChain))
#6 C:\xampp\htdocs\yii\framework\web\filters\CFilterChain.php(130): CInlineFilter->filter(Object(CFilterChain))
#7 C:\xampp\htdocs\yii\framework\web\CController.php(291): CFilterChain->run()
#8 C:\xampp\htdocs\yii\framework\web\CController.php(265): CController->runActionWithFilters(Object(CInlineAction), Array)
#9 C:\xampp\htdocs\yii\framework\web\CWebApplication.php(282): CController->run('create')
#10 C:\xampp\htdocs\yii\framework\web\CWebApplication.php(141): CWebApplication->runController('issue/create')
#11 C:\xampp\htdocs\yii\framework\base\CApplication.php(180): CWebApplication->processRequest()
#12 C:\xampp\htdocs\trackstar\index.php(13): CApplication->run()
#13 {main}
REQUEST_URI=/trackstar/index.php?r=issue/create
HTTP_REFERER=http://localhost/trackstar/index.php?r=issue/index
---
2014/03/18 09:18:44 [error] [exception.CHttpException.404] exception 'CHttpException' with message 'The requested project does not exist.' in C:\xampp\htdocs\trackstar\protected\controllers\IssueController.php:40
Stack trace:
#0 C:\xampp\htdocs\trackstar\protected\controllers\IssueController.php(60): IssueController->loadProject(NULL)
#1 C:\xampp\htdocs\yii\framework\web\filters\CInlineFilter.php(58): IssueController->filterProjectContext(Object(CFilterChain))
#2 C:\xampp\htdocs\yii\framework\web\filters\CFilterChain.php(130): CInlineFilter->filter(Object(CFilterChain))
#3 C:\xampp\htdocs\yii\framework\web\filters\CFilter.php(40): CFilterChain->run()
#4 C:\xampp\htdocs\yii\framework\web\CController.php(1145): CFilter->filter(Object(CFilterChain))
#5 C:\xampp\htdocs\yii\framework\web\filters\CInlineFilter.php(58): CController->filterAccessControl(Object(CFilterChain))
#6 C:\xampp\htdocs\yii\framework\web\filters\CFilterChain.php(130): CInlineFilter->filter(Object(CFilterChain))
#7 C:\xampp\htdocs\yii\framework\web\CController.php(291): CFilterChain->run()
#8 C:\xampp\htdocs\yii\framework\web\CController.php(265): CController->runActionWithFilters(Object(CInlineAction), Array)
#9 C:\xampp\htdocs\yii\framework\web\CWebApplication.php(282): CController->run('create')
#10 C:\xampp\htdocs\yii\framework\web\CWebApplication.php(141): CWebApplication->runController('issue/create')
#11 C:\xampp\htdocs\yii\framework\base\CApplication.php(180): CWebApplication->processRequest()
#12 C:\xampp\htdocs\trackstar\index.php(13): CApplication->run()
#13 {main}
REQUEST_URI=/trackstar/index.php?r=issue/create
HTTP_REFERER=http://localhost/trackstar/index.php?r=issue/index
---
2014/03/18 09:18:52 [error] [exception.CHttpException.404] exception 'CHttpException' with message 'The requested project does not exist.' in C:\xampp\htdocs\trackstar\protected\controllers\IssueController.php:40
Stack trace:
#0 C:\xampp\htdocs\trackstar\protected\controllers\IssueController.php(60): IssueController->loadProject('1')
#1 C:\xampp\htdocs\yii\framework\web\filters\CInlineFilter.php(58): IssueController->filterProjectContext(Object(CFilterChain))
#2 C:\xampp\htdocs\yii\framework\web\filters\CFilterChain.php(130): CInlineFilter->filter(Object(CFilterChain))
#3 C:\xampp\htdocs\yii\framework\web\filters\CFilter.php(40): CFilterChain->run()
#4 C:\xampp\htdocs\yii\framework\web\CController.php(1145): CFilter->filter(Object(CFilterChain))
#5 C:\xampp\htdocs\yii\framework\web\filters\CInlineFilter.php(58): CController->filterAccessControl(Object(CFilterChain))
#6 C:\xampp\htdocs\yii\framework\web\filters\CFilterChain.php(130): CInlineFilter->filter(Object(CFilterChain))
#7 C:\xampp\htdocs\yii\framework\web\CController.php(291): CFilterChain->run()
#8 C:\xampp\htdocs\yii\framework\web\CController.php(265): CController->runActionWithFilters(Object(CInlineAction), Array)
#9 C:\xampp\htdocs\yii\framework\web\CWebApplication.php(282): CController->run('create')
#10 C:\xampp\htdocs\yii\framework\web\CWebApplication.php(141): CWebApplication->runController('issue/create')
#11 C:\xampp\htdocs\yii\framework\base\CApplication.php(180): CWebApplication->processRequest()
#12 C:\xampp\htdocs\trackstar\index.php(13): CApplication->run()
#13 {main}
REQUEST_URI=/trackstar/index.php?r=issue/create&pid=1
---
2014/03/18 09:19:14 [error] [exception.CHttpException.404] exception 'CHttpException' with message 'The requested project does not exist.' in C:\xampp\htdocs\trackstar\protected\controllers\IssueController.php:40
Stack trace:
#0 C:\xampp\htdocs\trackstar\protected\controllers\IssueController.php(60): IssueController->loadProject('1')
#1 C:\xampp\htdocs\yii\framework\web\filters\CInlineFilter.php(58): IssueController->filterProjectContext(Object(CFilterChain))
#2 C:\xampp\htdocs\yii\framework\web\filters\CFilterChain.php(130): CInlineFilter->filter(Object(CFilterChain))
#3 C:\xampp\htdocs\yii\framework\web\filters\CFilter.php(40): CFilterChain->run()
#4 C:\xampp\htdocs\yii\framework\web\CController.php(1145): CFilter->filter(Object(CFilterChain))
#5 C:\xampp\htdocs\yii\framework\web\filters\CInlineFilter.php(58): CController->filterAccessControl(Object(CFilterChain))
#6 C:\xampp\htdocs\yii\framework\web\filters\CFilterChain.php(130): CInlineFilter->filter(Object(CFilterChain))
#7 C:\xampp\htdocs\yii\framework\web\CController.php(291): CFilterChain->run()
#8 C:\xampp\htdocs\yii\framework\web\CController.php(265): CController->runActionWithFilters(Object(CInlineAction), Array)
#9 C:\xampp\htdocs\yii\framework\web\CWebApplication.php(282): CController->run('create')
#10 C:\xampp\htdocs\yii\framework\web\CWebApplication.php(141): CWebApplication->runController('issue/create')
#11 C:\xampp\htdocs\yii\framework\base\CApplication.php(180): CWebApplication->processRequest()
#12 C:\xampp\htdocs\trackstar\index.php(13): CApplication->run()
#13 {main}
REQUEST_URI=/trackstar/index.php?r=issue/create&pid=1
---
2014/03/18 09:19:55 [error] [exception.CHttpException.404] exception 'CHttpException' with message 'The system is unable to find the requested action "project".' in C:\xampp\htdocs\yii\framework\web\CController.php:483
Stack trace:
#0 C:\xampp\htdocs\yii\framework\web\CController.php(270): CController->missingAction('project')
#1 C:\xampp\htdocs\yii\framework\web\CWebApplication.php(282): CController->run('project')
#2 C:\xampp\htdocs\yii\framework\web\CWebApplication.php(141): CWebApplication->runController('site/project')
#3 C:\xampp\htdocs\yii\framework\base\CApplication.php(180): CWebApplication->processRequest()
#4 C:\xampp\htdocs\trackstar\index.php(13): CApplication->run()
#5 {main}
REQUEST_URI=/trackstar/index.php?r=site/project
---
2014/03/18 09:21:07 [error] [exception.CHttpException.404] exception 'CHttpException' with message 'The requested project does not exist.' in C:\xampp\htdocs\trackstar\protected\controllers\IssueController.php:40
Stack trace:
#0 C:\xampp\htdocs\trackstar\protected\controllers\IssueController.php(60): IssueController->loadProject(NULL)
#1 C:\xampp\htdocs\yii\framework\web\filters\CInlineFilter.php(58): IssueController->filterProjectContext(Object(CFilterChain))
#2 C:\xampp\htdocs\yii\framework\web\filters\CFilterChain.php(130): CInlineFilter->filter(Object(CFilterChain))
#3 C:\xampp\htdocs\yii\framework\web\filters\CFilter.php(40): CFilterChain->run()
#4 C:\xampp\htdocs\yii\framework\web\CController.php(1145): CFilter->filter(Object(CFilterChain))
#5 C:\xampp\htdocs\yii\framework\web\filters\CInlineFilter.php(58): CController->filterAccessControl(Object(CFilterChain))
#6 C:\xampp\htdocs\yii\framework\web\filters\CFilterChain.php(130): CInlineFilter->filter(Object(CFilterChain))
#7 C:\xampp\htdocs\yii\framework\web\CController.php(291): CFilterChain->run()
#8 C:\xampp\htdocs\yii\framework\web\CController.php(265): CController->runActionWithFilters(Object(CInlineAction), Array)
#9 C:\xampp\htdocs\yii\framework\web\CWebApplication.php(282): CController->run('create')
#10 C:\xampp\htdocs\yii\framework\web\CWebApplication.php(141): CWebApplication->runController('issue/create')
#11 C:\xampp\htdocs\yii\framework\base\CApplication.php(180): CWebApplication->processRequest()
#12 C:\xampp\htdocs\trackstar\index.php(13): CApplication->run()
#13 {main}
REQUEST_URI=/trackstar/index.php?r=issue/create
---
2014/03/18 09:21:45 [error] [exception.CHttpException.404] exception 'CHttpException' with message 'The requested project does not exist.' in C:\xampp\htdocs\trackstar\protected\controllers\IssueController.php:40
Stack trace:
#0 C:\xampp\htdocs\trackstar\protected\controllers\IssueController.php(60): IssueController->loadProject(NULL)
#1 C:\xampp\htdocs\yii\framework\web\filters\CInlineFilter.php(58): IssueController->filterProjectContext(Object(CFilterChain))
#2 C:\xampp\htdocs\yii\framework\web\filters\CFilterChain.php(130): CInlineFilter->filter(Object(CFilterChain))
#3 C:\xampp\htdocs\yii\framework\web\filters\CFilter.php(40): CFilterChain->run()
#4 C:\xampp\htdocs\yii\framework\web\CController.php(1145): CFilter->filter(Object(CFilterChain))
#5 C:\xampp\htdocs\yii\framework\web\filters\CInlineFilter.php(58): CController->filterAccessControl(Object(CFilterChain))
#6 C:\xampp\htdocs\yii\framework\web\filters\CFilterChain.php(130): CInlineFilter->filter(Object(CFilterChain))
#7 C:\xampp\htdocs\yii\framework\web\CController.php(291): CFilterChain->run()
#8 C:\xampp\htdocs\yii\framework\web\CController.php(265): CController->runActionWithFilters(Object(CInlineAction), Array)
#9 C:\xampp\htdocs\yii\framework\web\CWebApplication.php(282): CController->run('create')
#10 C:\xampp\htdocs\yii\framework\web\CWebApplication.php(141): CWebApplication->runController('issue/create')
#11 C:\xampp\htdocs\yii\framework\base\CApplication.php(180): CWebApplication->processRequest()
#12 C:\xampp\htdocs\trackstar\index.php(13): CApplication->run()
#13 {main}
REQUEST_URI=/trackstar/index.php?r=issue/create
HTTP_REFERER=http://localhost/trackstar/index.php?r=issue/
---
2014/03/18 09:23:20 [error] [exception.CHttpException.404] exception 'CHttpException' with message 'The requested project does not exist.' in C:\xampp\htdocs\trackstar\protected\controllers\IssueController.php:40
Stack trace:
#0 C:\xampp\htdocs\trackstar\protected\controllers\IssueController.php(60): IssueController->loadProject(NULL)
#1 C:\xampp\htdocs\yii\framework\web\filters\CInlineFilter.php(58): IssueController->filterProjectContext(Object(CFilterChain))
#2 C:\xampp\htdocs\yii\framework\web\filters\CFilterChain.php(130): CInlineFilter->filter(Object(CFilterChain))
#3 C:\xampp\htdocs\yii\framework\web\filters\CFilter.php(40): CFilterChain->run()
#4 C:\xampp\htdocs\yii\framework\web\CController.php(1145): CFilter->filter(Object(CFilterChain))
#5 C:\xampp\htdocs\yii\framework\web\filters\CInlineFilter.php(58): CController->filterAccessControl(Object(CFilterChain))
#6 C:\xampp\htdocs\yii\framework\web\filters\CFilterChain.php(130): CInlineFilter->filter(Object(CFilterChain))
#7 C:\xampp\htdocs\yii\framework\web\CController.php(291): CFilterChain->run()
#8 C:\xampp\htdocs\yii\framework\web\CController.php(265): CController->runActionWithFilters(Object(CInlineAction), Array)
#9 C:\xampp\htdocs\yii\framework\web\CWebApplication.php(282): CController->run('create')
#10 C:\xampp\htdocs\yii\framework\web\CWebApplication.php(141): CWebApplication->runController('issue/create')
#11 C:\xampp\htdocs\yii\framework\base\CApplication.php(180): CWebApplication->processRequest()
#12 C:\xampp\htdocs\trackstar\index.php(13): CApplication->run()
#13 {main}
REQUEST_URI=/trackstar/index.php?r=issue/create
HTTP_REFERER=http://localhost/trackstar/index.php?r=issue/
---
2014/03/18 09:40:09 [error] [php] include(User.php): failed to open stream: No such file or directory (C:\xampp\htdocs\yii\framework\YiiBase.php:427)
Stack trace:
#0 C:\xampp\htdocs\yii\framework\db\ar\CActiveRecord.php(395): spl_autoload_call()
#1 C:\xampp\htdocs\yii\framework\db\ar\CActiveFinder.php(182): model()
#2 C:\xampp\htdocs\yii\framework\db\ar\CActiveFinder.php(230): CActiveFinder->getModel()
#3 C:\xampp\htdocs\yii\framework\db\ar\CActiveFinder.php(48): CActiveFinder->buildJoinTree()
#4 C:\xampp\htdocs\yii\framework\db\ar\CActiveRecord.php(909): CActiveFinder->__construct()
#5 C:\xampp\htdocs\yii\framework\db\ar\CActiveRecord.php(280): Project->getActiveFinder()
#6 C:\xampp\htdocs\yii\framework\db\ar\CActiveRecord.php(143): Project->getRelated()
#7 C:\xampp\htdocs\trackstar\protected\models\Project.php(119): Project->__get()
#8 C:\xampp\htdocs\trackstar\protected\views\issue\_form.php(51): Project->getUserOptions()
#9 C:\xampp\htdocs\yii\framework\web\CBaseController.php(126): require()
#10 C:\xampp\htdocs\yii\framework\web\CBaseController.php(95): IssueController->renderInternal()
#11 C:\xampp\htdocs\yii\framework\web\CController.php(869): IssueController->renderFile()
#12 C:\xampp\htdocs\trackstar\protected\views\issue\create.php(18): IssueController->renderPartial()
#13 C:\xampp\htdocs\yii\framework\web\CBaseController.php(126): require()
#14 C:\xampp\htdocs\yii\framework\web\CBaseController.php(95): IssueController->renderInternal()
#15 C:\xampp\htdocs\yii\framework\web\CController.php(869): IssueController->renderFile()
#16 C:\xampp\htdocs\yii\framework\web\CController.php(782): IssueController->renderPartial()
#17 C:\xampp\htdocs\trackstar\protected\controllers\IssueController.php(122): IssueController->render()
#18 C:\xampp\htdocs\yii\framework\web\actions\CInlineAction.php(49): IssueController->actionCreate()
#19 C:\xampp\htdocs\yii\framework\web\CController.php(308): CInlineAction->runWithParams()
#20 C:\xampp\htdocs\yii\framework\web\filters\CFilterChain.php(133): IssueController->runAction()
#21 C:\xampp\htdocs\trackstar\protected\controllers\IssueController.php(63): CFilterChain->run()
#22 C:\xampp\htdocs\yii\framework\web\filters\CInlineFilter.php(58): IssueController->filterProjectContext()
#23 C:\xampp\htdocs\yii\framework\web\filters\CFilterChain.php(130): CInlineFilter->filter()
#24 C:\xampp\htdocs\yii\framework\web\filters\CFilter.php(40): CFilterChain->run()
#25 C:\xampp\htdocs\yii\framework\web\CController.php(1145): CAccessControlFilter->filter()
#26 C:\xampp\htdocs\yii\framework\web\filters\CInlineFilter.php(58): IssueController->filterAccessControl()
#27 C:\xampp\htdocs\yii\framework\web\filters\CFilterChain.php(130): CInlineFilter->filter()
#28 C:\xampp\htdocs\yii\framework\web\CController.php(291): CFilterChain->run()
#29 C:\xampp\htdocs\yii\framework\web\CController.php(265): IssueController->runActionWithFilters()
#30 C:\xampp\htdocs\yii\framework\web\CWebApplication.php(282): IssueController->run()
#31 C:\xampp\htdocs\yii\framework\web\CWebApplication.php(141): CWebApplication->runController()
#32 C:\xampp\htdocs\yii\framework\base\CApplication.php(180): CWebApplication->processRequest()
#33 C:\xampp\htdocs\trackstar\index.php(13): CWebApplication->run()
REQUEST_URI=/trackstar/index.php?r=issue/create&pid=1
in C:\xampp\htdocs\trackstar\protected\models\Project.php (119)
in C:\xampp\htdocs\trackstar\protected\views\issue\_form.php (51)
in C:\xampp\htdocs\trackstar\protected\views\issue\create.php (18)
2014/03/18 10:02:57 [error] [exception.CHttpException.400] exception 'CHttpException' with message 'Your request is invalid.' in C:\xampp\htdocs\yii\framework\web\CController.php:336
Stack trace:
#0 C:\xampp\htdocs\yii\framework\web\CController.php(309): CController->invalidActionParams(Object(CInlineAction))
#1 C:\xampp\htdocs\yii\framework\web\filters\CFilterChain.php(133): CController->runAction(Object(CInlineAction))
#2 C:\xampp\htdocs\yii\framework\web\filters\CFilter.php(40): CFilterChain->run()
#3 C:\xampp\htdocs\yii\framework\web\CController.php(1145): CFilter->filter(Object(CFilterChain))
#4 C:\xampp\htdocs\yii\framework\web\filters\CInlineFilter.php(58): CController->filterAccessControl(Object(CFilterChain))
#5 C:\xampp\htdocs\yii\framework\web\filters\CFilterChain.php(130): CInlineFilter->filter(Object(CFilterChain))
#6 C:\xampp\htdocs\yii\framework\web\CController.php(291): CFilterChain->run()
#7 C:\xampp\htdocs\yii\framework\web\CController.php(265): CController->runActionWithFilters(Object(CInlineAction), Array)
#8 C:\xampp\htdocs\yii\framework\web\CWebApplication.php(282): CController->run('view')
#9 C:\xampp\htdocs\yii\framework\web\CWebApplication.php(141): CWebApplication->runController('project/view')
#10 C:\xampp\htdocs\yii\framework\base\CApplication.php(180): CWebApplication->processRequest()
#11 C:\xampp\htdocs\trackstar\index.php(13): CApplication->run()
#12 {main}
REQUEST_URI=/trackstar/index.php?r=project/view
---
2014/03/18 10:04:27 [error] [exception.CHttpException.400] exception 'CHttpException' with message 'Your request is invalid.' in C:\xampp\htdocs\yii\framework\web\CController.php:336
Stack trace:
#0 C:\xampp\htdocs\yii\framework\web\CController.php(309): CController->invalidActionParams(Object(CInlineAction))
#1 C:\xampp\htdocs\yii\framework\web\filters\CFilterChain.php(133): CController->runAction(Object(CInlineAction))
#2 C:\xampp\htdocs\yii\framework\web\filters\CFilter.php(40): CFilterChain->run()
#3 C:\xampp\htdocs\yii\framework\web\CController.php(1145): CFilter->filter(Object(CFilterChain))
#4 C:\xampp\htdocs\yii\framework\web\filters\CInlineFilter.php(58): CController->filterAccessControl(Object(CFilterChain))
#5 C:\xampp\htdocs\yii\framework\web\filters\CFilterChain.php(130): CInlineFilter->filter(Object(CFilterChain))
#6 C:\xampp\htdocs\yii\framework\web\CController.php(291): CFilterChain->run()
#7 C:\xampp\htdocs\yii\framework\web\CController.php(265): CController->runActionWithFilters(Object(CInlineAction), Array)
#8 C:\xampp\htdocs\yii\framework\web\CWebApplication.php(282): CController->run('view')
#9 C:\xampp\htdocs\yii\framework\web\CWebApplication.php(141): CWebApplication->runController('issue/view')
#10 C:\xampp\htdocs\yii\framework\base\CApplication.php(180): CWebApplication->processRequest()
#11 C:\xampp\htdocs\trackstar\index.php(13): CApplication->run()
#12 {main}
REQUEST_URI=/trackstar/index.php?r=issue/view
---
2014/03/18 10:04:35 [error] [exception.CHttpException.400] exception 'CHttpException' with message 'Your request is invalid.' in C:\xampp\htdocs\yii\framework\web\CController.php:336
Stack trace:
#0 C:\xampp\htdocs\yii\framework\web\CController.php(309): CController->invalidActionParams(Object(CInlineAction))
#1 C:\xampp\htdocs\yii\framework\web\filters\CFilterChain.php(133): CController->runAction(Object(CInlineAction))
#2 C:\xampp\htdocs\yii\framework\web\filters\CFilter.php(40): CFilterChain->run()
#3 C:\xampp\htdocs\yii\framework\web\CController.php(1145): CFilter->filter(Object(CFilterChain))
#4 C:\xampp\htdocs\yii\framework\web\filters\CInlineFilter.php(58): CController->filterAccessControl(Object(CFilterChain))
#5 C:\xampp\htdocs\yii\framework\web\filters\CFilterChain.php(130): CInlineFilter->filter(Object(CFilterChain))
#6 C:\xampp\htdocs\yii\framework\web\CController.php(291): CFilterChain->run()
#7 C:\xampp\htdocs\yii\framework\web\CController.php(265): CController->runActionWithFilters(Object(CInlineAction), Array)
#8 C:\xampp\htdocs\yii\framework\web\CWebApplication.php(282): CController->run('view')
#9 C:\xampp\htdocs\yii\framework\web\CWebApplication.php(141): CWebApplication->runController('issue/view')
#10 C:\xampp\htdocs\yii\framework\base\CApplication.php(180): CWebApplication->processRequest()
#11 C:\xampp\htdocs\trackstar\index.php(13): CApplication->run()
#12 {main}
REQUEST_URI=/trackstar/index.php?r=issue/view&pid=1
---
2014/03/18 10:04:37 [error] [exception.CHttpException.400] exception 'CHttpException' with message 'Your request is invalid.' in C:\xampp\htdocs\yii\framework\web\CController.php:336
Stack trace:
#0 C:\xampp\htdocs\yii\framework\web\CController.php(309): CController->invalidActionParams(Object(CInlineAction))
#1 C:\xampp\htdocs\yii\framework\web\filters\CFilterChain.php(133): CController->runAction(Object(CInlineAction))
#2 C:\xampp\htdocs\yii\framework\web\filters\CFilter.php(40): CFilterChain->run()
#3 C:\xampp\htdocs\yii\framework\web\CController.php(1145): CFilter->filter(Object(CFilterChain))
#4 C:\xampp\htdocs\yii\framework\web\filters\CInlineFilter.php(58): CController->filterAccessControl(Object(CFilterChain))
#5 C:\xampp\htdocs\yii\framework\web\filters\CFilterChain.php(130): CInlineFilter->filter(Object(CFilterChain))
#6 C:\xampp\htdocs\yii\framework\web\CController.php(291): CFilterChain->run()
#7 C:\xampp\htdocs\yii\framework\web\CController.php(265): CController->runActionWithFilters(Object(CInlineAction), Array)
#8 C:\xampp\htdocs\yii\framework\web\CWebApplication.php(282): CController->run('view')
#9 C:\xampp\htdocs\yii\framework\web\CWebApplication.php(141): CWebApplication->runController('issue/view')
#10 C:\xampp\htdocs\yii\framework\base\CApplication.php(180): CWebApplication->processRequest()
#11 C:\xampp\htdocs\trackstar\index.php(13): CApplication->run()
#12 {main}
REQUEST_URI=/trackstar/index.php?r=issue/view&pid=1
---
2014/03/18 11:41:01 [error] [exception.CHttpException.404] exception 'CHttpException' with message 'The requested project does not exist.' in C:\xampp\htdocs\trackstar\protected\controllers\IssueController.php:40
Stack trace:
#0 C:\xampp\htdocs\trackstar\protected\controllers\IssueController.php(60): IssueController->loadProject(NULL)
#1 C:\xampp\htdocs\yii\framework\web\filters\CInlineFilter.php(58): IssueController->filterProjectContext(Object(CFilterChain))
#2 C:\xampp\htdocs\yii\framework\web\filters\CFilterChain.php(130): CInlineFilter->filter(Object(CFilterChain))
#3 C:\xampp\htdocs\yii\framework\web\filters\CFilter.php(40): CFilterChain->run()
#4 C:\xampp\htdocs\yii\framework\web\CController.php(1145): CFilter->filter(Object(CFilterChain))
#5 C:\xampp\htdocs\yii\framework\web\filters\CInlineFilter.php(58): CController->filterAccessControl(Object(CFilterChain))
#6 C:\xampp\htdocs\yii\framework\web\filters\CFilterChain.php(130): CInlineFilter->filter(Object(CFilterChain))
#7 C:\xampp\htdocs\yii\framework\web\CController.php(291): CFilterChain->run()
#8 C:\xampp\htdocs\yii\framework\web\CController.php(265): CController->runActionWithFilters(Object(CInlineAction), Array)
#9 C:\xampp\htdocs\yii\framework\web\CWebApplication.php(282): CController->run('admin')
#10 C:\xampp\htdocs\yii\framework\web\CWebApplication.php(141): CWebApplication->runController('issue/admin')
#11 C:\xampp\htdocs\yii\framework\base\CApplication.php(180): CWebApplication->processRequest()
#12 C:\xampp\htdocs\trackstar\index.php(13): CApplication->run()
#13 {main}
REQUEST_URI=/trackstar/index.php?r=issue/admin
HTTP_REFERER=http://localhost/trackstar/index.php?r=issue/index&pid=1
---
2014/03/18 11:41:07 [error] [exception.CHttpException.404] exception 'CHttpException' with message 'The requested project does not exist.' in C:\xampp\htdocs\trackstar\protected\controllers\IssueController.php:40
Stack trace:
#0 C:\xampp\htdocs\trackstar\protected\controllers\IssueController.php(60): IssueController->loadProject(NULL)
#1 C:\xampp\htdocs\yii\framework\web\filters\CInlineFilter.php(58): IssueController->filterProjectContext(Object(CFilterChain))
#2 C:\xampp\htdocs\yii\framework\web\filters\CFilterChain.php(130): CInlineFilter->filter(Object(CFilterChain))
#3 C:\xampp\htdocs\yii\framework\web\filters\CFilter.php(40): CFilterChain->run()
#4 C:\xampp\htdocs\yii\framework\web\CController.php(1145): CFilter->filter(Object(CFilterChain))
#5 C:\xampp\htdocs\yii\framework\web\filters\CInlineFilter.php(58): CController->filterAccessControl(Object(CFilterChain))
#6 C:\xampp\htdocs\yii\framework\web\filters\CFilterChain.php(130): CInlineFilter->filter(Object(CFilterChain))
#7 C:\xampp\htdocs\yii\framework\web\CController.php(291): CFilterChain->run()
#8 C:\xampp\htdocs\yii\framework\web\CController.php(265): CController->runActionWithFilters(Object(CInlineAction), Array)
#9 C:\xampp\htdocs\yii\framework\web\CWebApplication.php(282): CController->run('create')
#10 C:\xampp\htdocs\yii\framework\web\CWebApplication.php(141): CWebApplication->runController('issue/create')
#11 C:\xampp\htdocs\yii\framework\base\CApplication.php(180): CWebApplication->processRequest()
#12 C:\xampp\htdocs\trackstar\index.php(13): CApplication->run()
#13 {main}
REQUEST_URI=/trackstar/index.php?r=issue/create
HTTP_REFERER=http://localhost/trackstar/index.php?r=issue/index&pid=1
---
2014/03/18 11:41:11 [error] [exception.CHttpException.404] exception 'CHttpException' with message 'The requested project does not exist.' in C:\xampp\htdocs\trackstar\protected\controllers\IssueController.php:40
Stack trace:
#0 C:\xampp\htdocs\trackstar\protected\controllers\IssueController.php(60): IssueController->loadProject(NULL)
#1 C:\xampp\htdocs\yii\framework\web\filters\CInlineFilter.php(58): IssueController->filterProjectContext(Object(CFilterChain))
#2 C:\xampp\htdocs\yii\framework\web\filters\CFilterChain.php(130): CInlineFilter->filter(Object(CFilterChain))
#3 C:\xampp\htdocs\yii\framework\web\filters\CFilter.php(40): CFilterChain->run()
#4 C:\xampp\htdocs\yii\framework\web\CController.php(1145): CFilter->filter(Object(CFilterChain))
#5 C:\xampp\htdocs\yii\framework\web\filters\CInlineFilter.php(58): CController->filterAccessControl(Object(CFilterChain))
#6 C:\xampp\htdocs\yii\framework\web\filters\CFilterChain.php(130): CInlineFilter->filter(Object(CFilterChain))
#7 C:\xampp\htdocs\yii\framework\web\CController.php(291): CFilterChain->run()
#8 C:\xampp\htdocs\yii\framework\web\CController.php(265): CController->runActionWithFilters(Object(CInlineAction), Array)
#9 C:\xampp\htdocs\yii\framework\web\CWebApplication.php(282): CController->run('admin')
#10 C:\xampp\htdocs\yii\framework\web\CWebApplication.php(141): CWebApplication->runController('issue/admin')
#11 C:\xampp\htdocs\yii\framework\base\CApplication.php(180): CWebApplication->processRequest()
#12 C:\xampp\htdocs\trackstar\index.php(13): CApplication->run()
#13 {main}
REQUEST_URI=/trackstar/index.php?r=issue/admin
HTTP_REFERER=http://localhost/trackstar/index.php?r=issue/index&pid=1
---
2014/03/19 02:29:00 [error] [exception.CHttpException.404] exception 'CHttpException' with message 'The requested project does not exist.' in C:\xampp\htdocs\trackstar\protected\controllers\IssueController.php:40
Stack trace:
#0 C:\xampp\htdocs\trackstar\protected\controllers\IssueController.php(60): IssueController->loadProject(NULL)
#1 C:\xampp\htdocs\yii\framework\web\filters\CInlineFilter.php(58): IssueController->filterProjectContext(Object(CFilterChain))
#2 C:\xampp\htdocs\yii\framework\web\filters\CFilterChain.php(130): CInlineFilter->filter(Object(CFilterChain))
#3 C:\xampp\htdocs\yii\framework\web\filters\CFilter.php(40): CFilterChain->run()
#4 C:\xampp\htdocs\yii\framework\web\CController.php(1145): CFilter->filter(Object(CFilterChain))
#5 C:\xampp\htdocs\yii\framework\web\filters\CInlineFilter.php(58): CController->filterAccessControl(Object(CFilterChain))
#6 C:\xampp\htdocs\yii\framework\web\filters\CFilterChain.php(130): CInlineFilter->filter(Object(CFilterChain))
#7 C:\xampp\htdocs\yii\framework\web\CController.php(291): CFilterChain->run()
#8 C:\xampp\htdocs\yii\framework\web\CController.php(265): CController->runActionWithFilters(Object(CInlineAction), Array)
#9 C:\xampp\htdocs\yii\framework\web\CWebApplication.php(282): CController->run('')
#10 C:\xampp\htdocs\yii\framework\web\CWebApplication.php(141): CWebApplication->runController('issue')
#11 C:\xampp\htdocs\yii\framework\base\CApplication.php(180): CWebApplication->processRequest()
#12 C:\xampp\htdocs\trackstar\index.php(13): CApplication->run()
#13 {main}
REQUEST_URI=/trackstar/index.php?r=issue
---
2014/03/19 13:03:03 [error] [php] Trying to get property of non-object (C:\xampp\htdocs\trackstar\protected\views\issue\view.php:36)
Stack trace:
#0 C:\xampp\htdocs\yii\framework\web\CController.php(869): IssueController->renderFile()
#1 C:\xampp\htdocs\yii\framework\web\CController.php(782): IssueController->renderPartial()
#2 C:\xampp\htdocs\trackstar\protected\controllers\IssueController.php(99): IssueController->render()
#3 unknown(0): IssueController->actionView()
#4 C:\xampp\htdocs\yii\framework\web\actions\CAction.php(108): ReflectionMethod->invokeArgs()
#5 C:\xampp\htdocs\yii\framework\web\actions\CInlineAction.php(47): CInlineAction->runWithParamsInternal()
#6 C:\xampp\htdocs\yii\framework\web\CController.php(308): CInlineAction->runWithParams()
#7 C:\xampp\htdocs\yii\framework\web\filters\CFilterChain.php(133): IssueController->runAction()
#8 C:\xampp\htdocs\yii\framework\web\filters\CFilter.php(40): CFilterChain->run()
#9 C:\xampp\htdocs\yii\framework\web\CController.php(1145): CAccessControlFilter->filter()
#10 C:\xampp\htdocs\yii\framework\web\filters\CInlineFilter.php(58): IssueController->filterAccessControl()
#11 C:\xampp\htdocs\yii\framework\web\filters\CFilterChain.php(130): CInlineFilter->filter()
#12 C:\xampp\htdocs\yii\framework\web\CController.php(291): CFilterChain->run()
#13 C:\xampp\htdocs\yii\framework\web\CController.php(265): IssueController->runActionWithFilters()
#14 C:\xampp\htdocs\yii\framework\web\CWebApplication.php(282): IssueController->run()
#15 C:\xampp\htdocs\yii\framework\web\CWebApplication.php(141): CWebApplication->runController()
#16 C:\xampp\htdocs\yii\framework\base\CApplication.php(180): CWebApplication->processRequest()
#17 C:\xampp\htdocs\trackstar\index.php(13): CWebApplication->run()
REQUEST_URI=/trackstar/index.php?r=issue/view&id=3
in C:\xampp\htdocs\trackstar\protected\views\issue\view.php (36)
in C:\xampp\htdocs\trackstar\protected\controllers\IssueController.php (99)
in C:\xampp\htdocs\trackstar\index.php (13)
2014/03/19 13:17:32 [error] [php] Trying to get property of non-object (C:\xampp\htdocs\trackstar\protected\views\issue\view.php:36)
Stack trace:
#0 C:\xampp\htdocs\yii\framework\web\CController.php(869): IssueController->renderFile()
#1 C:\xampp\htdocs\yii\framework\web\CController.php(782): IssueController->renderPartial()
#2 C:\xampp\htdocs\trackstar\protected\controllers\IssueController.php(99): IssueController->render()
#3 unknown(0): IssueController->actionView()
#4 C:\xampp\htdocs\yii\framework\web\actions\CAction.php(108): ReflectionMethod->invokeArgs()
#5 C:\xampp\htdocs\yii\framework\web\actions\CInlineAction.php(47): CInlineAction->runWithParamsInternal()
#6 C:\xampp\htdocs\yii\framework\web\CController.php(308): CInlineAction->runWithParams()
#7 C:\xampp\htdocs\yii\framework\web\filters\CFilterChain.php(133): IssueController->runAction()
#8 C:\xampp\htdocs\yii\framework\web\filters\CFilter.php(40): CFilterChain->run()
#9 C:\xampp\htdocs\yii\framework\web\CController.php(1145): CAccessControlFilter->filter()
#10 C:\xampp\htdocs\yii\framework\web\filters\CInlineFilter.php(58): IssueController->filterAccessControl()
#11 C:\xampp\htdocs\yii\framework\web\filters\CFilterChain.php(130): CInlineFilter->filter()
#12 C:\xampp\htdocs\yii\framework\web\CController.php(291): CFilterChain->run()
#13 C:\xampp\htdocs\yii\framework\web\CController.php(265): IssueController->runActionWithFilters()
#14 C:\xampp\htdocs\yii\framework\web\CWebApplication.php(282): IssueController->run()
#15 C:\xampp\htdocs\yii\framework\web\CWebApplication.php(141): CWebApplication->runController()
#16 C:\xampp\htdocs\yii\framework\base\CApplication.php(180): CWebApplication->processRequest()
#17 C:\xampp\htdocs\trackstar\index.php(13): CWebApplication->run()
REQUEST_URI=/trackstar/index.php?r=issue/view&id=3
in C:\xampp\htdocs\trackstar\protected\views\issue\view.php (36)
in C:\xampp\htdocs\trackstar\protected\controllers\IssueController.php (99)
in C:\xampp\htdocs\trackstar\index.php (13)
2014/03/19 13:17:50 [error] [exception.CHttpException.403] exception 'CHttpException' with message 'You are not authorized to perform this action.' in C:\xampp\htdocs\yii\framework\web\auth\CAccessControlFilter.php:182
Stack trace:
#0 C:\xampp\htdocs\yii\framework\web\auth\CAccessControlFilter.php(145): CAccessControlFilter->accessDenied(Object(CWebUser), 'You are not aut...')
#1 C:\xampp\htdocs\yii\framework\web\filters\CFilter.php(38): CAccessControlFilter->preFilter(Object(CFilterChain))
#2 C:\xampp\htdocs\yii\framework\web\CController.php(1145): CFilter->filter(Object(CFilterChain))
#3 C:\xampp\htdocs\yii\framework\web\filters\CInlineFilter.php(58): CController->filterAccessControl(Object(CFilterChain))
#4 C:\xampp\htdocs\yii\framework\web\filters\CFilterChain.php(130): CInlineFilter->filter(Object(CFilterChain))
#5 C:\xampp\htdocs\yii\framework\web\CController.php(291): CFilterChain->run()
#6 C:\xampp\htdocs\yii\framework\web\CController.php(265): CController->runActionWithFilters(Object(CInlineAction), Array)
#7 C:\xampp\htdocs\yii\framework\web\CWebApplication.php(282): CController->run('delete')
#8 C:\xampp\htdocs\yii\framework\web\CWebApplication.php(141): CWebApplication->runController('project/delete')
#9 C:\xampp\htdocs\yii\framework\base\CApplication.php(180): CWebApplication->processRequest()
#10 C:\xampp\htdocs\trackstar\index.php(13): CApplication->run()
#11 {main}
REQUEST_URI=/trackstar/index.php?r=project/delete&id=2
HTTP_REFERER=http://localhost/trackstar/index.php?r=project/view&id=2
---
2014/03/19 14:42:28 [error] [php] Missing argument 1 for ProjectController::loadModel(), called in C:\xampp\htdocs\trackstar\protected\controllers\ProjectController.php on line 193 and defined (C:\xampp\htdocs\trackstar\protected\controllers\ProjectController.php:169)
Stack trace:
#0 C:\xampp\htdocs\yii\framework\web\CController.php(308): CInlineAction->runWithParams()
#1 C:\xampp\htdocs\yii\framework\web\filters\CFilterChain.php(133): ProjectController->runAction()
#2 C:\xampp\htdocs\yii\framework\web\filters\CFilter.php(40): CFilterChain->run()
#3 C:\xampp\htdocs\yii\framework\web\CController.php(1145): CAccessControlFilter->filter()
#4 C:\xampp\htdocs\yii\framework\web\filters\CInlineFilter.php(58): ProjectController->filterAccessControl()
#5 C:\xampp\htdocs\yii\framework\web\filters\CFilterChain.php(130): CInlineFilter->filter()
#6 C:\xampp\htdocs\yii\framework\web\CController.php(291): CFilterChain->run()
#7 C:\xampp\htdocs\yii\framework\web\CController.php(265): ProjectController->runActionWithFilters()
#8 C:\xampp\htdocs\yii\framework\web\CWebApplication.php(282): ProjectController->run()
#9 C:\xampp\htdocs\yii\framework\web\CWebApplication.php(141): CWebApplication->runController()
#10 C:\xampp\htdocs\yii\framework\base\CApplication.php(180): CWebApplication->processRequest()
#11 C:\xampp\htdocs\trackstar\index.php(13): CWebApplication->run()
REQUEST_URI=/trackstar/index.php?r=project/adduser
in C:\xampp\htdocs\trackstar\protected\controllers\ProjectController.php (169)
in C:\xampp\htdocs\trackstar\protected\controllers\ProjectController.php (193)
in C:\xampp\htdocs\trackstar\index.php (13)
2014/03/19 14:42:53 [error] [php] Missing argument 1 for ProjectController::loadModel(), called in C:\xampp\htdocs\trackstar\protected\controllers\ProjectController.php on line 193 and defined (C:\xampp\htdocs\trackstar\protected\controllers\ProjectController.php:169)
Stack trace:
#0 C:\xampp\htdocs\yii\framework\web\CController.php(308): CInlineAction->runWithParams()
#1 C:\xampp\htdocs\yii\framework\web\filters\CFilterChain.php(133): ProjectController->runAction()
#2 C:\xampp\htdocs\yii\framework\web\filters\CFilter.php(40): CFilterChain->run()
#3 C:\xampp\htdocs\yii\framework\web\CController.php(1145): CAccessControlFilter->filter()
#4 C:\xampp\htdocs\yii\framework\web\filters\CInlineFilter.php(58): ProjectController->filterAccessControl()
#5 C:\xampp\htdocs\yii\framework\web\filters\CFilterChain.php(130): CInlineFilter->filter()
#6 C:\xampp\htdocs\yii\framework\web\CController.php(291): CFilterChain->run()
#7 C:\xampp\htdocs\yii\framework\web\CController.php(265): ProjectController->runActionWithFilters()
#8 C:\xampp\htdocs\yii\framework\web\CWebApplication.php(282): ProjectController->run()
#9 C:\xampp\htdocs\yii\framework\web\CWebApplication.php(141): CWebApplication->runController()
#10 C:\xampp\htdocs\yii\framework\base\CApplication.php(180): CWebApplication->processRequest()
#11 C:\xampp\htdocs\trackstar\index.php(13): CWebApplication->run()
REQUEST_URI=/trackstar/index.php?r=project/adduser&id=1
in C:\xampp\htdocs\trackstar\protected\controllers\ProjectController.php (169)
in C:\xampp\htdocs\trackstar\protected\controllers\ProjectController.php (193)
in C:\xampp\htdocs\trackstar\index.php (13)
2014/03/19 14:43:08 [error] [php] Missing argument 1 for ProjectController::loadModel(), called in C:\xampp\htdocs\trackstar\protected\controllers\ProjectController.php on line 193 and defined (C:\xampp\htdocs\trackstar\protected\controllers\ProjectController.php:169)
Stack trace:
#0 C:\xampp\htdocs\yii\framework\web\CController.php(308): CInlineAction->runWithParams()
#1 C:\xampp\htdocs\yii\framework\web\filters\CFilterChain.php(133): ProjectController->runAction()
#2 C:\xampp\htdocs\yii\framework\web\filters\CFilter.php(40): CFilterChain->run()
#3 C:\xampp\htdocs\yii\framework\web\CController.php(1145): CAccessControlFilter->filter()
#4 C:\xampp\htdocs\yii\framework\web\filters\CInlineFilter.php(58): ProjectController->filterAccessControl()
#5 C:\xampp\htdocs\yii\framework\web\filters\CFilterChain.php(130): CInlineFilter->filter()
#6 C:\xampp\htdocs\yii\framework\web\CController.php(291): CFilterChain->run()
#7 C:\xampp\htdocs\yii\framework\web\CController.php(265): ProjectController->runActionWithFilters()
#8 C:\xampp\htdocs\yii\framework\web\CWebApplication.php(282): ProjectController->run()
#9 C:\xampp\htdocs\yii\framework\web\CWebApplication.php(141): CWebApplication->runController()
#10 C:\xampp\htdocs\yii\framework\base\CApplication.php(180): CWebApplication->processRequest()
#11 C:\xampp\htdocs\trackstar\index.php(13): CWebApplication->run()
REQUEST_URI=/trackstar/index.php?r=project/adduser&id=1
in C:\xampp\htdocs\trackstar\protected\controllers\ProjectController.php (169)
in C:\xampp\htdocs\trackstar\protected\controllers\ProjectController.php (193)
in C:\xampp\htdocs\trackstar\index.php (13)
2014/03/19 17:10:02 [error] [exception.CException] exception 'CException' with message 'Property "Project.projectId" is not defined.' in C:\xampp\htdocs\yii\framework\base\CComponent.php:130
Stack trace:
#0 C:\xampp\htdocs\yii\framework\db\ar\CActiveRecord.php(145): CComponent->__get('projectId')
#1 C:\xampp\htdocs\trackstar\protected\views\project\view.php(19): CActiveRecord->__get('projectId')
#2 C:\xampp\htdocs\yii\framework\web\CBaseController.php(126): require('C:\xampp\htdocs...')
#3 C:\xampp\htdocs\yii\framework\web\CBaseController.php(95): CBaseController->renderInternal('C:\xampp\htdocs...', Array, true)
#4 C:\xampp\htdocs\yii\framework\web\CController.php(869): CBaseController->renderFile('C:\xampp\htdocs...', Array, true)
#5 C:\xampp\htdocs\yii\framework\web\CController.php(782): CController->renderPartial('view', Array, true)
#6 C:\xampp\htdocs\trackstar\protected\controllers\ProjectController.php(72): CController->render('view', Array)
#7 C:\xampp\htdocs\yii\framework\web\actions\CInlineAction.php(49): ProjectController->actionView()
#8 C:\xampp\htdocs\yii\framework\web\CController.php(308): CInlineAction->runWithParams(Array)
#9 C:\xampp\htdocs\yii\framework\web\filters\CFilterChain.php(133): CController->runAction(Object(CInlineAction))
#10 C:\xampp\htdocs\yii\framework\web\filters\CFilter.php(40): CFilterChain->run()
#11 C:\xampp\htdocs\yii\framework\web\CController.php(1145): CFilter->filter(Object(CFilterChain))
#12 C:\xampp\htdocs\yii\framework\web\filters\CInlineFilter.php(58): CController->filterAccessControl(Object(CFilterChain))
#13 C:\xampp\htdocs\yii\framework\web\filters\CFilterChain.php(130): CInlineFilter->filter(Object(CFilterChain))
#14 C:\xampp\htdocs\yii\framework\web\CController.php(291): CFilterChain->run()
#15 C:\xampp\htdocs\yii\framework\web\CController.php(265): CController->runActionWithFilters(Object(CInlineAction), Array)
#16 C:\xampp\htdocs\yii\framework\web\CWebApplication.php(282): CController->run('view')
#17 C:\xampp\htdocs\yii\framework\web\CWebApplication.php(141): CWebApplication->runController('project/view')
#18 C:\xampp\htdocs\yii\framework\base\CApplication.php(180): CWebApplication->processRequest()
#19 C:\xampp\htdocs\trackstar\index.php(13): CApplication->run()
#20 {main}
REQUEST_URI=/trackstar/index.php?r=project/view&id=1
HTTP_REFERER=http://localhost/trackstar/index.php?r=project
---
2014/03/19 17:13:04 [error] [exception.CException] exception 'CException' with message 'Property "Project.projectId" is not defined.' in C:\xampp\htdocs\yii\framework\base\CComponent.php:130
Stack trace:
#0 C:\xampp\htdocs\yii\framework\db\ar\CActiveRecord.php(145): CComponent->__get('projectId')
#1 C:\xampp\htdocs\trackstar\protected\views\project\view.php(19): CActiveRecord->__get('projectId')
#2 C:\xampp\htdocs\yii\framework\web\CBaseController.php(126): require('C:\xampp\htdocs...')
#3 C:\xampp\htdocs\yii\framework\web\CBaseController.php(95): CBaseController->renderInternal('C:\xampp\htdocs...', Array, true)
#4 C:\xampp\htdocs\yii\framework\web\CController.php(869): CBaseController->renderFile('C:\xampp\htdocs...', Array, true)
#5 C:\xampp\htdocs\yii\framework\web\CController.php(782): CController->renderPartial('view', Array, true)
#6 C:\xampp\htdocs\trackstar\protected\controllers\ProjectController.php(72): CController->render('view', Array)
#7 C:\xampp\htdocs\yii\framework\web\actions\CInlineAction.php(49): ProjectController->actionView()
#8 C:\xampp\htdocs\yii\framework\web\CController.php(308): CInlineAction->runWithParams(Array)
#9 C:\xampp\htdocs\yii\framework\web\filters\CFilterChain.php(133): CController->runAction(Object(CInlineAction))
#10 C:\xampp\htdocs\yii\framework\web\filters\CFilter.php(40): CFilterChain->run()
#11 C:\xampp\htdocs\yii\framework\web\CController.php(1145): CFilter->filter(Object(CFilterChain))
#12 C:\xampp\htdocs\yii\framework\web\filters\CInlineFilter.php(58): CController->filterAccessControl(Object(CFilterChain))
#13 C:\xampp\htdocs\yii\framework\web\filters\CFilterChain.php(130): CInlineFilter->filter(Object(CFilterChain))
#14 C:\xampp\htdocs\yii\framework\web\CController.php(291): CFilterChain->run()
#15 C:\xampp\htdocs\yii\framework\web\CController.php(265): CController->runActionWithFilters(Object(CInlineAction), Array)
#16 C:\xampp\htdocs\yii\framework\web\CWebApplication.php(282): CController->run('view')
#17 C:\xampp\htdocs\yii\framework\web\CWebApplication.php(141): CWebApplication->runController('project/view')
#18 C:\xampp\htdocs\yii\framework\base\CApplication.php(180): CWebApplication->processRequest()
#19 C:\xampp\htdocs\trackstar\index.php(13): CApplication->run()
#20 {main}
REQUEST_URI=/trackstar/index.php?r=project/view&id=1
HTTP_REFERER=http://localhost/trackstar/index.php?r=project
---
2014/03/19 17:13:50 [error] [php] Missing argument 1 for ProjectController::loadModel(), called in C:\xampp\htdocs\trackstar\protected\controllers\ProjectController.php on line 193 and defined (C:\xampp\htdocs\trackstar\protected\controllers\ProjectController.php:169)
Stack trace:
#0 C:\xampp\htdocs\yii\framework\web\CController.php(308): CInlineAction->runWithParams()
#1 C:\xampp\htdocs\yii\framework\web\filters\CFilterChain.php(133): ProjectController->runAction()
#2 C:\xampp\htdocs\yii\framework\web\filters\CFilter.php(40): CFilterChain->run()
#3 C:\xampp\htdocs\yii\framework\web\CController.php(1145): CAccessControlFilter->filter()
#4 C:\xampp\htdocs\yii\framework\web\filters\CInlineFilter.php(58): ProjectController->filterAccessControl()
#5 C:\xampp\htdocs\yii\framework\web\filters\CFilterChain.php(130): CInlineFilter->filter()
#6 C:\xampp\htdocs\yii\framework\web\CController.php(291): CFilterChain->run()
#7 C:\xampp\htdocs\yii\framework\web\CController.php(265): ProjectController->runActionWithFilters()
#8 C:\xampp\htdocs\yii\framework\web\CWebApplication.php(282): ProjectController->run()
#9 C:\xampp\htdocs\yii\framework\web\CWebApplication.php(141): CWebApplication->runController()
#10 C:\xampp\htdocs\yii\framework\base\CApplication.php(180): CWebApplication->processRequest()
#11 C:\xampp\htdocs\trackstar\index.php(13): CWebApplication->run()
REQUEST_URI=/trackstar/index.php?r=project/adduser&id=1
in C:\xampp\htdocs\trackstar\protected\controllers\ProjectController.php (169)
in C:\xampp\htdocs\trackstar\protected\controllers\ProjectController.php (193)
in C:\xampp\htdocs\trackstar\index.php (13)
2014/03/19 17:13:55 [error] [php] Missing argument 1 for ProjectController::loadModel(), called in C:\xampp\htdocs\trackstar\protected\controllers\ProjectController.php on line 193 and defined (C:\xampp\htdocs\trackstar\protected\controllers\ProjectController.php:169)
Stack trace:
#0 C:\xampp\htdocs\yii\framework\web\CController.php(308): CInlineAction->runWithParams()
#1 C:\xampp\htdocs\yii\framework\web\filters\CFilterChain.php(133): ProjectController->runAction()
#2 C:\xampp\htdocs\yii\framework\web\filters\CFilter.php(40): CFilterChain->run()
#3 C:\xampp\htdocs\yii\framework\web\CController.php(1145): CAccessControlFilter->filter()
#4 C:\xampp\htdocs\yii\framework\web\filters\CInlineFilter.php(58): ProjectController->filterAccessControl()
#5 C:\xampp\htdocs\yii\framework\web\filters\CFilterChain.php(130): CInlineFilter->filter()
#6 C:\xampp\htdocs\yii\framework\web\CController.php(291): CFilterChain->run()
#7 C:\xampp\htdocs\yii\framework\web\CController.php(265): ProjectController->runActionWithFilters()
#8 C:\xampp\htdocs\yii\framework\web\CWebApplication.php(282): ProjectController->run()
#9 C:\xampp\htdocs\yii\framework\web\CWebApplication.php(141): CWebApplication->runController()
#10 C:\xampp\htdocs\yii\framework\base\CApplication.php(180): CWebApplication->processRequest()
#11 C:\xampp\htdocs\trackstar\index.php(13): CWebApplication->run()
REQUEST_URI=/trackstar/index.php?r=project/adduser
in C:\xampp\htdocs\trackstar\protected\controllers\ProjectController.php (169)
in C:\xampp\htdocs\trackstar\protected\controllers\ProjectController.php (193)
in C:\xampp\htdocs\trackstar\index.php (13)
2014/03/19 17:14:04 [error] [php] Missing argument 1 for ProjectController::loadModel(), called in C:\xampp\htdocs\trackstar\protected\controllers\ProjectController.php on line 193 and defined (C:\xampp\htdocs\trackstar\protected\controllers\ProjectController.php:169)
Stack trace:
#0 C:\xampp\htdocs\yii\framework\web\CController.php(308): CInlineAction->runWithParams()
#1 C:\xampp\htdocs\yii\framework\web\filters\CFilterChain.php(133): ProjectController->runAction()
#2 C:\xampp\htdocs\yii\framework\web\filters\CFilter.php(40): CFilterChain->run()
#3 C:\xampp\htdocs\yii\framework\web\CController.php(1145): CAccessControlFilter->filter()
#4 C:\xampp\htdocs\yii\framework\web\filters\CInlineFilter.php(58): ProjectController->filterAccessControl()
#5 C:\xampp\htdocs\yii\framework\web\filters\CFilterChain.php(130): CInlineFilter->filter()
#6 C:\xampp\htdocs\yii\framework\web\CController.php(291): CFilterChain->run()
#7 C:\xampp\htdocs\yii\framework\web\CController.php(265): ProjectController->runActionWithFilters()
#8 C:\xampp\htdocs\yii\framework\web\CWebApplication.php(282): ProjectController->run()
#9 C:\xampp\htdocs\yii\framework\web\CWebApplication.php(141): CWebApplication->runController()
#10 C:\xampp\htdocs\yii\framework\base\CApplication.php(180): CWebApplication->processRequest()
#11 C:\xampp\htdocs\trackstar\index.php(13): CWebApplication->run()
REQUEST_URI=/trackstar/index.php?r=project/adduser&id=1
in C:\xampp\htdocs\trackstar\protected\controllers\ProjectController.php (169)
in C:\xampp\htdocs\trackstar\protected\controllers\ProjectController.php (193)
in C:\xampp\htdocs\trackstar\index.php (13)
2014/03/19 17:27:55 [error] [exception.CException] exception 'CException' with message 'Property "Project.projectId" is not defined.' in C:\xampp\htdocs\yii\framework\base\CComponent.php:130
Stack trace:
#0 C:\xampp\htdocs\yii\framework\db\ar\CActiveRecord.php(145): CComponent->__get('projectId')
#1 C:\xampp\htdocs\trackstar\protected\views\project\view.php(17): CActiveRecord->__get('projectId')
#2 C:\xampp\htdocs\yii\framework\web\CBaseController.php(126): require('C:\xampp\htdocs...')
#3 C:\xampp\htdocs\yii\framework\web\CBaseController.php(95): CBaseController->renderInternal('C:\xampp\htdocs...', Array, true)
#4 C:\xampp\htdocs\yii\framework\web\CController.php(869): CBaseController->renderFile('C:\xampp\htdocs...', Array, true)
#5 C:\xampp\htdocs\yii\framework\web\CController.php(782): CController->renderPartial('view', Array, true)
#6 C:\xampp\htdocs\trackstar\protected\controllers\ProjectController.php(72): CController->render('view', Array)
#7 C:\xampp\htdocs\yii\framework\web\actions\CInlineAction.php(49): ProjectController->actionView()
#8 C:\xampp\htdocs\yii\framework\web\CController.php(308): CInlineAction->runWithParams(Array)
#9 C:\xampp\htdocs\yii\framework\web\filters\CFilterChain.php(133): CController->runAction(Object(CInlineAction))
#10 C:\xampp\htdocs\yii\framework\web\filters\CFilter.php(40): CFilterChain->run()
#11 C:\xampp\htdocs\yii\framework\web\CController.php(1145): CFilter->filter(Object(CFilterChain))
#12 C:\xampp\htdocs\yii\framework\web\filters\CInlineFilter.php(58): CController->filterAccessControl(Object(CFilterChain))
#13 C:\xampp\htdocs\yii\framework\web\filters\CFilterChain.php(130): CInlineFilter->filter(Object(CFilterChain))
#14 C:\xampp\htdocs\yii\framework\web\CController.php(291): CFilterChain->run()
#15 C:\xampp\htdocs\yii\framework\web\CController.php(265): CController->runActionWithFilters(Object(CInlineAction), Array)
#16 C:\xampp\htdocs\yii\framework\web\CWebApplication.php(282): CController->run('view')
#17 C:\xampp\htdocs\yii\framework\web\CWebApplication.php(141): CWebApplication->runController('project/view')
#18 C:\xampp\htdocs\yii\framework\base\CApplication.php(180): CWebApplication->processRequest()
#19 C:\xampp\htdocs\trackstar\index.php(13): CApplication->run()
#20 {main}
REQUEST_URI=/trackstar/index.php?r=project/view&id=1
HTTP_REFERER=http://localhost/trackstar/index.php?r=project/adduser&id=1
---
